<?xml version="1.0" encoding="utf-8"?>
<test-run id="2" testcasecount="10" result="Passed" total="10" passed="10" failed="0" inconclusive="0" skipped="0" asserts="0" engine-version="3.5.0.0" clr-version="4.0.30319.42000" start-time="2025-11-08 20:50:43Z" end-time="2025-11-08 20:50:43Z" duration="0.0427482">
  <test-suite type="TestSuite" id="1000" name="Mini Game Framework" fullname="Mini Game Framework" runstate="Runnable" testcasecount="10" result="Passed" start-time="2025-11-08 20:50:43Z" end-time="2025-11-08 20:50:43Z" duration="0.042748" total="10" passed="10" failed="0" inconclusive="0" skipped="0" asserts="0">
    <properties>
      <property name="platform" value="EditMode" />
    </properties>
    <test-suite type="Assembly" id="1013" name="PlayFrame.Tests.EditMode.dll" fullname="/Users/cembdc/Desktop/CeM/Projects/unity/mini-game-framework/Library/ScriptAssemblies/PlayFrame.Tests.EditMode.dll" runstate="Runnable" testcasecount="10" result="Passed" start-time="2025-11-08 20:50:43Z" end-time="2025-11-08 20:50:43Z" duration="0.037919" total="10" passed="10" failed="0" inconclusive="0" skipped="0" asserts="0">
      <properties>
        <property name="_PID" value="42314" />
        <property name="_APPDOMAIN" value="Unity Child Domain" />
        <property name="platform" value="EditMode" />
        <property name="EditorOnly" value="True" />
      </properties>
      <test-suite type="TestSuite" id="1014" name="PlayFrame" fullname="PlayFrame" runstate="Runnable" testcasecount="10" result="Passed" start-time="2025-11-08 20:50:43Z" end-time="2025-11-08 20:50:43Z" duration="0.037407" total="10" passed="10" failed="0" inconclusive="0" skipped="0" asserts="0">
        <properties />
        <test-suite type="TestSuite" id="1015" name="Tests" fullname="PlayFrame.Tests" runstate="Runnable" testcasecount="10" result="Passed" start-time="2025-11-08 20:50:43Z" end-time="2025-11-08 20:50:43Z" duration="0.037156" total="10" passed="10" failed="0" inconclusive="0" skipped="0" asserts="0">
          <properties />
          <test-suite type="TestSuite" id="1016" name="EditMode" fullname="PlayFrame.Tests.EditMode" runstate="Runnable" testcasecount="10" result="Passed" start-time="2025-11-08 20:50:43Z" end-time="2025-11-08 20:50:43Z" duration="0.036915" total="10" passed="10" failed="0" inconclusive="0" skipped="0" asserts="0">
            <properties />
            <test-suite type="TestSuite" id="1017" name="Systems" fullname="PlayFrame.Tests.EditMode.Systems" runstate="Runnable" testcasecount="10" result="Passed" start-time="2025-11-08 20:50:43Z" end-time="2025-11-08 20:50:43Z" duration="0.036651" total="10" passed="10" failed="0" inconclusive="0" skipped="0" asserts="0">
              <properties />
              <test-suite type="TestFixture" id="1001" name="EventManagerTests" fullname="PlayFrame.Tests.EditMode.Systems.EventManagerTests" classname="PlayFrame.Tests.EditMode.Systems.EventManagerTests" runstate="Runnable" testcasecount="5" result="Passed" start-time="2025-11-08 20:50:43Z" end-time="2025-11-08 20:50:43Z" duration="0.019892" total="5" passed="5" failed="0" inconclusive="0" skipped="0" asserts="0">
                <properties />
                <test-case id="1006" name="EventManager_Subscribe_MultipleListeners_ShouldInvokeAll" fullname="PlayFrame.Tests.EditMode.Systems.EventManagerTests.EventManager_Subscribe_MultipleListeners_ShouldInvokeAll" methodname="EventManager_Subscribe_MultipleListeners_ShouldInvokeAll" classname="PlayFrame.Tests.EditMode.Systems.EventManagerTests" runstate="Runnable" seed="114066863" result="Passed" start-time="2025-11-08 20:50:43Z" end-time="2025-11-08 20:50:43Z" duration="0.009916" asserts="0">
                  <properties>
                    <property name="retryIteration" value="0" />
                    <property name="repeatIteration" value="0" />
                  </properties>
                </test-case>
                <test-case id="1002" name="EventManager_Subscribe_ShouldRegisterListener" fullname="PlayFrame.Tests.EditMode.Systems.EventManagerTests.EventManager_Subscribe_ShouldRegisterListener" methodname="EventManager_Subscribe_ShouldRegisterListener" classname="PlayFrame.Tests.EditMode.Systems.EventManagerTests" runstate="Runnable" seed="1959720072" result="Passed" start-time="2025-11-08 20:50:43Z" end-time="2025-11-08 20:50:43Z" duration="0.000363" asserts="0">
                  <properties>
                    <property name="retryIteration" value="0" />
                    <property name="repeatIteration" value="0" />
                  </properties>
                </test-case>
                <test-case id="1003" name="EventManager_TriggerEvent_ShouldInvokeListener" fullname="PlayFrame.Tests.EditMode.Systems.EventManagerTests.EventManager_TriggerEvent_ShouldInvokeListener" methodname="EventManager_TriggerEvent_ShouldInvokeListener" classname="PlayFrame.Tests.EditMode.Systems.EventManagerTests" runstate="Runnable" seed="145430650" result="Passed" start-time="2025-11-08 20:50:43Z" end-time="2025-11-08 20:50:43Z" duration="0.000151" asserts="0">
                  <properties>
                    <property name="retryIteration" value="0" />
                    <property name="repeatIteration" value="0" />
                  </properties>
                </test-case>
                <test-case id="1005" name="EventManager_TriggerEvent_ShouldNotThrowError_WhenNoListeners" fullname="PlayFrame.Tests.EditMode.Systems.EventManagerTests.EventManager_TriggerEvent_ShouldNotThrowError_WhenNoListeners" methodname="EventManager_TriggerEvent_ShouldNotThrowError_WhenNoListeners" classname="PlayFrame.Tests.EditMode.Systems.EventManagerTests" runstate="Runnable" seed="1573898813" result="Passed" start-time="2025-11-08 20:50:43Z" end-time="2025-11-08 20:50:43Z" duration="0.000621" asserts="0">
                  <properties>
                    <property name="retryIteration" value="0" />
                    <property name="repeatIteration" value="0" />
                  </properties>
                </test-case>
                <test-case id="1004" name="EventManager_Unsubscribe_ShouldRemoveListener" fullname="PlayFrame.Tests.EditMode.Systems.EventManagerTests.EventManager_Unsubscribe_ShouldRemoveListener" methodname="EventManager_Unsubscribe_ShouldRemoveListener" classname="PlayFrame.Tests.EditMode.Systems.EventManagerTests" runstate="Runnable" seed="2007176631" result="Passed" start-time="2025-11-08 20:50:43Z" end-time="2025-11-08 20:50:43Z" duration="0.000343" asserts="0">
                  <properties>
                    <property name="retryIteration" value="0" />
                    <property name="repeatIteration" value="0" />
                  </properties>
                </test-case>
              </test-suite>
              <test-suite type="TestFixture" id="1007" name="SaveManagerTests" fullname="PlayFrame.Tests.EditMode.Systems.SaveManagerTests" classname="PlayFrame.Tests.EditMode.Systems.SaveManagerTests" runstate="Runnable" testcasecount="5" result="Passed" start-time="2025-11-08 20:50:43Z" end-time="2025-11-08 20:50:43Z" duration="0.015910" total="5" passed="5" failed="0" inconclusive="0" skipped="0" asserts="0">
                <properties />
                <test-case id="1012" name="SaveManager_DeleteSave_ShouldClearAllData" fullname="PlayFrame.Tests.EditMode.Systems.SaveManagerTests.SaveManager_DeleteSave_ShouldClearAllData" methodname="SaveManager_DeleteSave_ShouldClearAllData" classname="PlayFrame.Tests.EditMode.Systems.SaveManagerTests" runstate="Runnable" seed="1626051944" result="Passed" start-time="2025-11-08 20:50:43Z" end-time="2025-11-08 20:50:43Z" duration="0.008359" asserts="0">
                  <properties>
                    <property name="retryIteration" value="0" />
                    <property name="repeatIteration" value="0" />
                  </properties>
                  <output><![CDATA[
IgnoreFailingMessages:true
[SaveManager] Failed to save game: The following game object is invoking the DontDestroyOnLoad method: [Persistent] PlayFrame.Systems.Events.EventManager. Notice that DontDestroyOnLoad can only be used in play mode and, as such, cannot be part of an editor script.

IgnoreFailingMessages:false
]]></output>
                </test-case>
                <test-case id="1011" name="SaveManager_HasSaveData_ShouldReturnFalse_WhenNoSaveExists" fullname="PlayFrame.Tests.EditMode.Systems.SaveManagerTests.SaveManager_HasSaveData_ShouldReturnFalse_WhenNoSaveExists" methodname="SaveManager_HasSaveData_ShouldReturnFalse_WhenNoSaveExists" classname="PlayFrame.Tests.EditMode.Systems.SaveManagerTests" runstate="Runnable" seed="1018484653" result="Passed" start-time="2025-11-08 20:50:43Z" end-time="2025-11-08 20:50:43Z" duration="0.001476" asserts="0">
                  <properties>
                    <property name="retryIteration" value="0" />
                    <property name="repeatIteration" value="0" />
                  </properties>
                  <output><![CDATA[
IgnoreFailingMessages:true

IgnoreFailingMessages:false
]]></output>
                </test-case>
                <test-case id="1010" name="SaveManager_HasSaveData_ShouldReturnTrue_WhenSaveExists" fullname="PlayFrame.Tests.EditMode.Systems.SaveManagerTests.SaveManager_HasSaveData_ShouldReturnTrue_WhenSaveExists" methodname="SaveManager_HasSaveData_ShouldReturnTrue_WhenSaveExists" classname="PlayFrame.Tests.EditMode.Systems.SaveManagerTests" runstate="Runnable" seed="1715912376" result="Passed" start-time="2025-11-08 20:50:43Z" end-time="2025-11-08 20:50:43Z" duration="0.001102" asserts="0">
                  <properties>
                    <property name="retryIteration" value="0" />
                    <property name="repeatIteration" value="0" />
                  </properties>
                  <output><![CDATA[
IgnoreFailingMessages:true

IgnoreFailingMessages:false
]]></output>
                </test-case>
                <test-case id="1008" name="SaveManager_ShouldCreateNewSaveData_WhenNoSaveExists" fullname="PlayFrame.Tests.EditMode.Systems.SaveManagerTests.SaveManager_ShouldCreateNewSaveData_WhenNoSaveExists" methodname="SaveManager_ShouldCreateNewSaveData_WhenNoSaveExists" classname="PlayFrame.Tests.EditMode.Systems.SaveManagerTests" runstate="Runnable" seed="1462191705" result="Passed" start-time="2025-11-08 20:50:43Z" end-time="2025-11-08 20:50:43Z" duration="0.002151" asserts="0">
                  <properties>
                    <property name="retryIteration" value="0" />
                    <property name="repeatIteration" value="0" />
                  </properties>
                  <output><![CDATA[
IgnoreFailingMessages:true

IgnoreFailingMessages:false
]]></output>
                </test-case>
                <test-case id="1009" name="SaveManager_ShouldSaveAndLoadData_Successfully" fullname="PlayFrame.Tests.EditMode.Systems.SaveManagerTests.SaveManager_ShouldSaveAndLoadData_Successfully" methodname="SaveManager_ShouldSaveAndLoadData_Successfully" classname="PlayFrame.Tests.EditMode.Systems.SaveManagerTests" runstate="Runnable" seed="221355065" result="Passed" start-time="2025-11-08 20:50:43Z" end-time="2025-11-08 20:50:43Z" duration="0.001471" asserts="0">
                  <properties>
                    <property name="retryIteration" value="0" />
                    <property name="repeatIteration" value="0" />
                  </properties>
                  <output><![CDATA[
IgnoreFailingMessages:true

IgnoreFailingMessages:false
Saving results to: /Users/cembdc/Library/Application Support/DefaultCompany/Mini Game Framework/TestResults.xml
]]></output>
                </test-case>
              </test-suite>
            </test-suite>
          </test-suite>
        </test-suite>
      </test-suite>
    </test-suite>
  </test-suite>
</test-run>